<?xml version="1.0" encoding="UTF-8"?>
<coverage generated="1694979067890" clover="3.2.0">
  <project timestamp="1694979067890" name="All files">
    <metrics statements="135" coveredstatements="81" conditionals="62" coveredconditionals="17" methods="31" coveredmethods="16" elements="228" coveredelements="114" complexity="0" loc="135" ncloc="135" packages="1" files="4" classes="4"/>
    <file name="MySQL.ts" path="C:\Projects\node-mysql\src\MySQL.ts">
      <metrics statements="50" coveredstatements="0" conditionals="45" coveredconditionals="0" methods="15" coveredmethods="0"/>
      <line num="1" count="0" type="stmt"/>
      <line num="3" count="0" type="stmt"/>
      <line num="5" count="0" type="stmt"/>
      <line num="10" count="0" type="stmt"/>
      <line num="11" count="0" type="stmt"/>
      <line num="15" count="0" type="stmt"/>
      <line num="19" count="0" type="stmt"/>
      <line num="22" count="0" type="stmt"/>
      <line num="25" count="0" type="stmt"/>
      <line num="26" count="0" type="stmt"/>
      <line num="29" count="0" type="stmt"/>
      <line num="30" count="0" type="stmt"/>
      <line num="31" count="0" type="stmt"/>
      <line num="32" count="0" type="stmt"/>
      <line num="35" count="0" type="stmt"/>
      <line num="36" count="0" type="cond" truecount="0" falsecount="1"/>
      <line num="37" count="0" type="stmt"/>
      <line num="38" count="0" type="stmt"/>
      <line num="41" count="0" type="stmt"/>
      <line num="42" count="0" type="cond" truecount="0" falsecount="1"/>
      <line num="43" count="0" type="stmt"/>
      <line num="44" count="0" type="stmt"/>
      <line num="47" count="0" type="cond" truecount="0" falsecount="2"/>
      <line num="48" count="0" type="stmt"/>
      <line num="49" count="0" type="cond" truecount="0" falsecount="2"/>
      <line num="50" count="0" type="stmt"/>
      <line num="51" count="0" type="cond" truecount="0" falsecount="1"/>
      <line num="52" count="0" type="stmt"/>
      <line num="54" count="0" type="stmt"/>
      <line num="58" count="0" type="cond" truecount="0" falsecount="6"/>
      <line num="59" count="0" type="stmt"/>
      <line num="67" count="0" type="stmt"/>
      <line num="68" count="0" type="stmt"/>
      <line num="74" count="0" type="cond" truecount="0" falsecount="1"/>
      <line num="75" count="0" type="stmt"/>
      <line num="76" count="0" type="stmt"/>
      <line num="77" count="0" type="cond" truecount="0" falsecount="4"/>
      <line num="78" count="0" type="stmt"/>
      <line num="81" count="0" type="cond" truecount="0" falsecount="3"/>
      <line num="83" count="0" type="cond" truecount="0" falsecount="2"/>
      <line num="86" count="0" type="stmt"/>
      <line num="87" count="0" type="cond" truecount="0" falsecount="4"/>
      <line num="90" count="0" type="cond" truecount="0" falsecount="2"/>
      <line num="91" count="0" type="cond" truecount="0" falsecount="2"/>
      <line num="92" count="0" type="stmt"/>
      <line num="93" count="0" type="cond" truecount="0" falsecount="4"/>
      <line num="96" count="0" type="stmt"/>
      <line num="97" count="0" type="cond" truecount="0" falsecount="2"/>
      <line num="100" count="0" type="stmt"/>
      <line num="101" count="0" type="stmt"/>
    </file>
    <file name="QryBuilder.ts" path="C:\Projects\node-mysql\src\QryBuilder.ts">
      <metrics statements="76" coveredstatements="76" conditionals="15" coveredconditionals="15" methods="15" coveredmethods="15"/>
      <line num="1" count="1" type="stmt"/>
      <line num="2" count="1" type="stmt"/>
      <line num="4" count="1" type="stmt"/>
      <line num="17" count="15" type="stmt"/>
      <line num="18" count="15" type="stmt"/>
      <line num="19" count="15" type="stmt"/>
      <line num="20" count="15" type="stmt"/>
      <line num="21" count="15" type="stmt"/>
      <line num="22" count="15" type="stmt"/>
      <line num="23" count="15" type="stmt"/>
      <line num="24" count="15" type="stmt"/>
      <line num="25" count="15" type="stmt"/>
      <line num="26" count="15" type="stmt"/>
      <line num="29" count="1" type="stmt"/>
      <line num="30" count="12" type="stmt"/>
      <line num="31" count="12" type="stmt"/>
      <line num="32" count="12" type="stmt"/>
      <line num="35" count="1" type="stmt"/>
      <line num="36" count="3" type="stmt"/>
      <line num="37" count="3" type="cond" truecount="1" falsecount="0"/>
      <line num="38" count="3" type="stmt"/>
      <line num="42" count="14" type="cond" truecount="1" falsecount="0"/>
      <line num="43" count="2" type="stmt"/>
      <line num="46" count="12" type="stmt"/>
      <line num="47" count="12" type="cond" truecount="2" falsecount="0"/>
      <line num="49" count="10" type="cond" truecount="2" falsecount="0"/>
      <line num="51" count="10" type="stmt"/>
      <line num="52" count="3" type="cond" truecount="2" falsecount="0"/>
      <line num="55" count="10" type="cond" truecount="1" falsecount="0"/>
      <line num="56" count="5" type="stmt"/>
      <line num="59" count="10" type="cond" truecount="1" falsecount="0"/>
      <line num="60" count="2" type="stmt"/>
      <line num="63" count="10" type="cond" truecount="1" falsecount="0"/>
      <line num="64" count="1" type="stmt"/>
      <line num="66" count="10" type="stmt"/>
      <line num="69" count="2" type="stmt"/>
      <line num="71" count="2" type="stmt"/>
      <line num="72" count="2" type="cond" truecount="1" falsecount="0"/>
      <line num="73" count="2" type="stmt"/>
      <line num="75" count="2" type="stmt"/>
      <line num="79" count="12" type="stmt"/>
      <line num="81" count="12" type="stmt"/>
      <line num="82" count="5" type="stmt"/>
      <line num="85" count="12" type="stmt"/>
      <line num="88" count="15" type="stmt"/>
      <line num="89" count="11" type="stmt"/>
      <line num="90" count="11" type="stmt"/>
      <line num="93" count="15" type="stmt"/>
      <line num="94" count="2" type="stmt"/>
      <line num="95" count="2" type="stmt"/>
      <line num="98" count="15" type="stmt"/>
      <line num="99" count="1" type="stmt"/>
      <line num="100" count="1" type="stmt"/>
      <line num="103" count="15" type="stmt"/>
      <line num="104" count="3" type="stmt"/>
      <line num="105" count="3" type="stmt"/>
      <line num="108" count="15" type="stmt"/>
      <line num="109" count="5" type="stmt"/>
      <line num="110" count="5" type="stmt"/>
      <line num="113" count="15" type="stmt"/>
      <line num="114" count="2" type="stmt"/>
      <line num="115" count="2" type="stmt"/>
      <line num="118" count="15" type="stmt"/>
      <line num="119" count="2" type="cond" truecount="3" falsecount="0"/>
      <line num="120" count="1" type="stmt"/>
      <line num="122" count="1" type="stmt"/>
      <line num="123" count="1" type="stmt"/>
      <line num="126" count="15" type="stmt"/>
      <line num="127" count="1" type="stmt"/>
      <line num="128" count="1" type="stmt"/>
      <line num="131" count="15" type="stmt"/>
      <line num="132" count="12" type="stmt"/>
      <line num="133" count="12" type="stmt"/>
      <line num="136" count="15" type="stmt"/>
      <line num="137" count="5" type="stmt"/>
      <line num="138" count="5" type="stmt"/>
    </file>
    <file name="index.ts" path="C:\Projects\node-mysql\src\index.ts">
      <metrics statements="4" coveredstatements="0" conditionals="0" coveredconditionals="0" methods="0" coveredmethods="0"/>
      <line num="1" count="0" type="stmt"/>
      <line num="2" count="0" type="stmt"/>
      <line num="4" count="0" type="stmt"/>
      <line num="5" count="0" type="stmt"/>
    </file>
    <file name="types.ts" path="C:\Projects\node-mysql\src\types.ts">
      <metrics statements="5" coveredstatements="5" conditionals="2" coveredconditionals="2" methods="1" coveredmethods="1"/>
      <line num="66" count="1" type="cond" truecount="2" falsecount="0"/>
      <line num="67" count="1" type="stmt"/>
      <line num="68" count="1" type="stmt"/>
      <line num="69" count="1" type="stmt"/>
      <line num="70" count="1" type="stmt"/>
    </file>
  </project>
</coverage>
