<?xml version="1.0" encoding="UTF-8"?>
<coverage generated="1694974300681" clover="3.2.0">
  <project timestamp="1694974300681" name="All files">
    <metrics statements="100" coveredstatements="50" conditionals="54" coveredconditionals="9" methods="23" coveredmethods="10" elements="177" coveredelements="69" complexity="0" loc="100" ncloc="100" packages="1" files="3" classes="3"/>
    <file name="MySQL.ts" path="C:\Projects\node-mysql\src\MySQL.ts">
      <metrics statements="45" coveredstatements="0" conditionals="45" coveredconditionals="0" methods="13" coveredmethods="0"/>
      <line num="1" count="0" type="stmt"/>
      <line num="3" count="0" type="stmt"/>
      <line num="5" count="0" type="stmt"/>
      <line num="9" count="0" type="stmt"/>
      <line num="13" count="0" type="stmt"/>
      <line num="17" count="0" type="stmt"/>
      <line num="20" count="0" type="stmt"/>
      <line num="21" count="0" type="stmt"/>
      <line num="24" count="0" type="stmt"/>
      <line num="25" count="0" type="stmt"/>
      <line num="26" count="0" type="stmt"/>
      <line num="27" count="0" type="stmt"/>
      <line num="30" count="0" type="stmt"/>
      <line num="31" count="0" type="cond" truecount="0" falsecount="1"/>
      <line num="32" count="0" type="stmt"/>
      <line num="33" count="0" type="stmt"/>
      <line num="36" count="0" type="stmt"/>
      <line num="37" count="0" type="cond" truecount="0" falsecount="1"/>
      <line num="38" count="0" type="stmt"/>
      <line num="39" count="0" type="stmt"/>
      <line num="42" count="0" type="cond" truecount="0" falsecount="2"/>
      <line num="43" count="0" type="stmt"/>
      <line num="44" count="0" type="cond" truecount="0" falsecount="2"/>
      <line num="45" count="0" type="stmt"/>
      <line num="46" count="0" type="cond" truecount="0" falsecount="1"/>
      <line num="47" count="0" type="stmt"/>
      <line num="49" count="0" type="stmt"/>
      <line num="53" count="0" type="cond" truecount="0" falsecount="6"/>
      <line num="54" count="0" type="stmt"/>
      <line num="62" count="0" type="stmt"/>
      <line num="63" count="0" type="stmt"/>
      <line num="69" count="0" type="cond" truecount="0" falsecount="1"/>
      <line num="70" count="0" type="stmt"/>
      <line num="71" count="0" type="stmt"/>
      <line num="72" count="0" type="cond" truecount="0" falsecount="4"/>
      <line num="75" count="0" type="cond" truecount="0" falsecount="3"/>
      <line num="77" count="0" type="cond" truecount="0" falsecount="2"/>
      <line num="80" count="0" type="stmt"/>
      <line num="81" count="0" type="cond" truecount="0" falsecount="4"/>
      <line num="84" count="0" type="cond" truecount="0" falsecount="2"/>
      <line num="85" count="0" type="cond" truecount="0" falsecount="2"/>
      <line num="86" count="0" type="stmt"/>
      <line num="87" count="0" type="cond" truecount="0" falsecount="4"/>
      <line num="90" count="0" type="stmt"/>
      <line num="91" count="0" type="cond" truecount="0" falsecount="2"/>
    </file>
    <file name="QryBuilder.ts" path="C:\Projects\node-mysql\src\QryBuilder.ts">
      <metrics statements="50" coveredstatements="50" conditionals="9" coveredconditionals="9" methods="10" coveredmethods="10"/>
      <line num="1" count="1" type="stmt"/>
      <line num="4" count="1" type="stmt"/>
      <line num="15" count="11" type="stmt"/>
      <line num="16" count="11" type="stmt"/>
      <line num="17" count="11" type="stmt"/>
      <line num="18" count="11" type="stmt"/>
      <line num="19" count="11" type="stmt"/>
      <line num="20" count="11" type="stmt"/>
      <line num="21" count="11" type="stmt"/>
      <line num="22" count="11" type="stmt"/>
      <line num="25" count="1" type="stmt"/>
      <line num="26" count="11" type="cond" truecount="2" falsecount="0"/>
      <line num="30" count="10" type="stmt"/>
      <line num="31" count="10" type="cond" truecount="1" falsecount="0"/>
      <line num="32" count="10" type="stmt"/>
      <line num="35" count="10" type="stmt"/>
      <line num="36" count="3" type="cond" truecount="2" falsecount="0"/>
      <line num="39" count="10" type="cond" truecount="1" falsecount="0"/>
      <line num="40" count="5" type="stmt"/>
      <line num="43" count="10" type="cond" truecount="1" falsecount="0"/>
      <line num="44" count="2" type="stmt"/>
      <line num="47" count="10" type="cond" truecount="1" falsecount="0"/>
      <line num="48" count="1" type="stmt"/>
      <line num="51" count="10" type="stmt"/>
      <line num="53" count="10" type="stmt"/>
      <line num="54" count="5" type="stmt"/>
      <line num="57" count="10" type="stmt"/>
      <line num="60" count="11" type="stmt"/>
      <line num="61" count="11" type="stmt"/>
      <line num="62" count="11" type="stmt"/>
      <line num="65" count="11" type="stmt"/>
      <line num="66" count="3" type="stmt"/>
      <line num="67" count="3" type="stmt"/>
      <line num="70" count="11" type="stmt"/>
      <line num="71" count="5" type="stmt"/>
      <line num="72" count="5" type="stmt"/>
      <line num="75" count="11" type="stmt"/>
      <line num="76" count="2" type="stmt"/>
      <line num="77" count="2" type="stmt"/>
      <line num="80" count="11" type="stmt"/>
      <line num="81" count="2" type="cond" truecount="1" falsecount="0"/>
      <line num="82" count="1" type="stmt"/>
      <line num="84" count="1" type="stmt"/>
      <line num="85" count="1" type="stmt"/>
      <line num="88" count="11" type="stmt"/>
      <line num="89" count="1" type="stmt"/>
      <line num="90" count="1" type="stmt"/>
      <line num="93" count="11" type="stmt"/>
      <line num="94" count="5" type="stmt"/>
      <line num="95" count="5" type="stmt"/>
    </file>
    <file name="index.ts" path="C:\Projects\node-mysql\src\index.ts">
      <metrics statements="5" coveredstatements="0" conditionals="0" coveredconditionals="0" methods="0" coveredmethods="0"/>
      <line num="1" count="0" type="stmt"/>
      <line num="2" count="0" type="stmt"/>
      <line num="4" count="0" type="stmt"/>
      <line num="5" count="0" type="stmt"/>
      <line num="6" count="0" type="stmt"/>
    </file>
  </project>
</coverage>
