{"C:\\Projects\\node-mysql\\src\\MySQL.ts": {"path":"C:\\Projects\\node-mysql\\src\\MySQL.ts","statementMap":{"0":{"start":{"line":1,"column":0},"end":{"line":1,"column":96}},"1":{"start":{"line":3,"column":0},"end":{"line":3,"column":38}},"2":{"start":{"line":9,"column":4},"end":{"line":9,"column":36}},"3":{"start":{"line":13,"column":4},"end":{"line":13,"column":21}},"4":{"start":{"line":17,"column":4},"end":{"line":17,"column":22}},"5":{"start":{"line":20,"column":18},"end":{"line":22,"column":3}},"6":{"start":{"line":21,"column":4},"end":{"line":21,"column":44}},"7":{"start":{"line":24,"column":21},"end":{"line":28,"column":3}},"8":{"start":{"line":25,"column":39},"end":{"line":25,"column":65}},"9":{"start":{"line":26,"column":4},"end":{"line":26,"column":40}},"10":{"start":{"line":27,"column":4},"end":{"line":27,"column":22}},"11":{"start":{"line":30,"column":22},"end":{"line":34,"column":3}},"12":{"start":{"line":31,"column":4},"end":{"line":31,"column":28}},"13":{"start":{"line":31,"column":21},"end":{"line":31,"column":28}},"14":{"start":{"line":32,"column":4},"end":{"line":32,"column":24}},"15":{"start":{"line":33,"column":4},"end":{"line":33,"column":25}},"16":{"start":{"line":36,"column":24},"end":{"line":40,"column":3}},"17":{"start":{"line":37,"column":4},"end":{"line":37,"column":28}},"18":{"start":{"line":37,"column":21},"end":{"line":37,"column":28}},"19":{"start":{"line":38,"column":4},"end":{"line":38,"column":26}},"20":{"start":{"line":39,"column":4},"end":{"line":39,"column":25}},"21":{"start":{"line":42,"column":8},"end":{"line":51,"column":3}},"22":{"start":{"line":43,"column":4},"end":{"line":50,"column":null}},"23":{"start":{"line":44,"column":25},"end":{"line":44,"column":61}},"24":{"start":{"line":45,"column":21},"end":{"line":45,"column":55}},"25":{"start":{"line":46,"column":6},"end":{"line":46,"column":38}},"26":{"start":{"line":46,"column":17},"end":{"line":46,"column":38}},"27":{"start":{"line":47,"column":6},"end":{"line":47,"column":20}},"28":{"start":{"line":49,"column":6},"end":{"line":49,"column":89}},"29":{"start":{"line":53,"column":11},"end":{"line":67,"column":3}},"30":{"start":{"line":54,"column":16},"end":{"line":60,"column":15}},"31":{"start":{"line":62,"column":19},"end":{"line":62,"column":55}},"32":{"start":{"line":63,"column":4},"end":{"line":66,"column":6}},"33":{"start":{"line":69,"column":19},"end":{"line":73,"column":3}},"34":{"start":{"line":70,"column":16},"end":{"line":70,"column":43}},"35":{"start":{"line":71,"column":19},"end":{"line":71,"column":55}},"36":{"start":{"line":72,"column":4},"end":{"line":72,"column":80}},"37":{"start":{"line":75,"column":19},"end":{"line":82,"column":3}},"38":{"start":{"line":77,"column":6},"end":{"line":78,"column":87}},"39":{"start":{"line":80,"column":19},"end":{"line":80,"column":55}},"40":{"start":{"line":81,"column":4},"end":{"line":81,"column":81}},"41":{"start":{"line":84,"column":19},"end":{"line":88,"column":3}},"42":{"start":{"line":85,"column":16},"end":{"line":85,"column":101}},"43":{"start":{"line":86,"column":19},"end":{"line":86,"column":55}},"44":{"start":{"line":87,"column":4},"end":{"line":87,"column":81}},"45":{"start":{"line":90,"column":16},"end":{"line":92,"column":3}},"46":{"start":{"line":91,"column":4},"end":{"line":91,"column":59}},"47":{"start":{"line":5,"column":0},"end":{"line":5,"column":21}}},"fnMap":{"0":{"name":"(anonymous_1)","decl":{"start":{"line":8,"column":2},"end":{"line":8,"column":14}},"loc":{"start":{"line":8,"column":33},"end":{"line":10,"column":3}}},"1":{"name":"(anonymous_2)","decl":{"start":{"line":12,"column":2},"end":{"line":12,"column":3}},"loc":{"start":{"line":12,"column":18},"end":{"line":14,"column":3}}},"2":{"name":"(anonymous_3)","decl":{"start":{"line":16,"column":2},"end":{"line":16,"column":6}},"loc":{"start":{"line":16,"column":10},"end":{"line":18,"column":3}}},"3":{"name":"(anonymous_4)","decl":{"start":{"line":20,"column":18},"end":{"line":20,"column":23}},"loc":{"start":{"line":20,"column":29},"end":{"line":22,"column":3}}},"4":{"name":"(anonymous_5)","decl":{"start":{"line":24,"column":21},"end":{"line":24,"column":26}},"loc":{"start":{"line":24,"column":32},"end":{"line":28,"column":3}}},"5":{"name":"(anonymous_6)","decl":{"start":{"line":30,"column":22},"end":{"line":30,"column":27}},"loc":{"start":{"line":30,"column":59},"end":{"line":34,"column":3}}},"6":{"name":"(anonymous_7)","decl":{"start":{"line":36,"column":24},"end":{"line":36,"column":29}},"loc":{"start":{"line":36,"column":61},"end":{"line":40,"column":3}}},"7":{"name":"(anonymous_8)","decl":{"start":{"line":42,"column":8},"end":{"line":42,"column":13}},"loc":{"start":{"line":42,"column":61},"end":{"line":51,"column":3}}},"8":{"name":"(anonymous_9)","decl":{"start":{"line":53,"column":11},"end":{"line":53,"column":16}},"loc":{"start":{"line":53,"column":117},"end":{"line":67,"column":3}}},"9":{"name":"(anonymous_10)","decl":{"start":{"line":69,"column":19},"end":{"line":69,"column":24}},"loc":{"start":{"line":69,"column":58},"end":{"line":73,"column":3}}},"10":{"name":"(anonymous_11)","decl":{"start":{"line":75,"column":19},"end":{"line":75,"column":24}},"loc":{"start":{"line":75,"column":84},"end":{"line":82,"column":3}}},"11":{"name":"(anonymous_12)","decl":{"start":{"line":84,"column":19},"end":{"line":84,"column":24}},"loc":{"start":{"line":84,"column":70},"end":{"line":88,"column":3}}},"12":{"name":"(anonymous_13)","decl":{"start":{"line":90,"column":16},"end":{"line":90,"column":17}},"loc":{"start":{"line":90,"column":43},"end":{"line":92,"column":3}}}},"branchMap":{"0":{"loc":{"start":{"line":31,"column":4},"end":{"line":31,"column":28}},"type":"if","locations":[{"start":{"line":31,"column":4},"end":{"line":31,"column":28}}]},"1":{"loc":{"start":{"line":37,"column":4},"end":{"line":37,"column":28}},"type":"if","locations":[{"start":{"line":37,"column":4},"end":{"line":37,"column":28}}]},"2":{"loc":{"start":{"line":42,"column":22},"end":{"line":42,"column":32}},"type":"default-arg","locations":[{"start":{"line":42,"column":30},"end":{"line":42,"column":32}}]},"3":{"loc":{"start":{"line":42,"column":34},"end":{"line":42,"column":45}},"type":"default-arg","locations":[{"start":{"line":42,"column":41},"end":{"line":42,"column":45}}]},"4":{"loc":{"start":{"line":44,"column":25},"end":{"line":44,"column":61}},"type":"binary-expr","locations":[{"start":{"line":44,"column":25},"end":{"line":44,"column":29}},{"start":{"line":44,"column":34},"end":{"line":44,"column":60}}]},"5":{"loc":{"start":{"line":46,"column":6},"end":{"line":46,"column":38}},"type":"if","locations":[{"start":{"line":46,"column":6},"end":{"line":46,"column":38}}]},"6":{"loc":{"start":{"line":53,"column":20},"end":{"line":53,"column":32}},"type":"default-arg","locations":[{"start":{"line":53,"column":29},"end":{"line":53,"column":32}}]},"7":{"loc":{"start":{"line":53,"column":40},"end":{"line":53,"column":49}},"type":"default-arg","locations":[{"start":{"line":53,"column":47},"end":{"line":53,"column":49}}]},"8":{"loc":{"start":{"line":53,"column":51},"end":{"line":53,"column":61}},"type":"default-arg","locations":[{"start":{"line":53,"column":59},"end":{"line":53,"column":61}}]},"9":{"loc":{"start":{"line":53,"column":63},"end":{"line":53,"column":73}},"type":"default-arg","locations":[{"start":{"line":53,"column":71},"end":{"line":53,"column":73}}]},"10":{"loc":{"start":{"line":53,"column":75},"end":{"line":53,"column":85}},"type":"default-arg","locations":[{"start":{"line":53,"column":83},"end":{"line":53,"column":85}}]},"11":{"loc":{"start":{"line":53,"column":87},"end":{"line":53,"column":98}},"type":"default-arg","locations":[{"start":{"line":53,"column":94},"end":{"line":53,"column":98}}]},"12":{"loc":{"start":{"line":56,"column":16},"end":{"line":56,"column":51}},"type":"cond-expr","locations":[{"start":{"line":56,"column":38},"end":{"line":56,"column":42}},{"start":{"line":56,"column":45},"end":{"line":56,"column":51}}]},"13":{"loc":{"start":{"line":57,"column":17},"end":{"line":57,"column":55}},"type":"cond-expr","locations":[{"start":{"line":57,"column":40},"end":{"line":57,"column":45}},{"start":{"line":57,"column":48},"end":{"line":57,"column":55}}]},"14":{"loc":{"start":{"line":69,"column":41},"end":{"line":69,"column":52}},"type":"default-arg","locations":[{"start":{"line":69,"column":48},"end":{"line":69,"column":52}}]},"15":{"loc":{"start":{"line":72,"column":11},"end":{"line":72,"column":79}},"type":"cond-expr","locations":[{"start":{"line":72,"column":34},"end":{"line":72,"column":72}},{"start":{"line":72,"column":75},"end":{"line":72,"column":79}}]},"16":{"loc":{"start":{"line":72,"column":11},"end":{"line":72,"column":30}},"type":"binary-expr","locations":[{"start":{"line":72,"column":11},"end":{"line":72,"column":17}},{"start":{"line":72,"column":21},"end":{"line":72,"column":30}}]},"17":{"loc":{"start":{"line":75,"column":41},"end":{"line":75,"column":53}},"type":"default-arg","locations":[{"start":{"line":75,"column":49},"end":{"line":75,"column":53}}]},"18":{"loc":{"start":{"line":75,"column":55},"end":{"line":75,"column":65}},"type":"default-arg","locations":[{"start":{"line":75,"column":63},"end":{"line":75,"column":65}}]},"19":{"loc":{"start":{"line":75,"column":67},"end":{"line":75,"column":78}},"type":"default-arg","locations":[{"start":{"line":75,"column":74},"end":{"line":75,"column":78}}]},"20":{"loc":{"start":{"line":77,"column":30},"end":{"line":77,"column":75}},"type":"cond-expr","locations":[{"start":{"line":77,"column":55},"end":{"line":77,"column":58}},{"start":{"line":77,"column":61},"end":{"line":77,"column":75}}]},"21":{"loc":{"start":{"line":78,"column":7},"end":{"line":78,"column":86}},"type":"cond-expr","locations":[{"start":{"line":78,"column":15},"end":{"line":78,"column":81}},{"start":{"line":78,"column":84},"end":{"line":78,"column":86}}]},"22":{"loc":{"start":{"line":78,"column":25},"end":{"line":78,"column":79}},"type":"cond-expr","locations":[{"start":{"line":78,"column":52},"end":{"line":78,"column":57}},{"start":{"line":78,"column":60},"end":{"line":78,"column":79}}]},"23":{"loc":{"start":{"line":81,"column":11},"end":{"line":81,"column":80}},"type":"cond-expr","locations":[{"start":{"line":81,"column":34},"end":{"line":81,"column":76}},{"start":{"line":81,"column":79},"end":{"line":81,"column":80}}]},"24":{"loc":{"start":{"line":81,"column":11},"end":{"line":81,"column":30}},"type":"binary-expr","locations":[{"start":{"line":81,"column":11},"end":{"line":81,"column":17}},{"start":{"line":81,"column":21},"end":{"line":81,"column":30}}]},"25":{"loc":{"start":{"line":84,"column":41},"end":{"line":84,"column":51}},"type":"default-arg","locations":[{"start":{"line":84,"column":49},"end":{"line":84,"column":51}}]},"26":{"loc":{"start":{"line":84,"column":53},"end":{"line":84,"column":64}},"type":"default-arg","locations":[{"start":{"line":84,"column":60},"end":{"line":84,"column":64}}]},"27":{"loc":{"start":{"line":85,"column":45},"end":{"line":85,"column":99}},"type":"cond-expr","locations":[{"start":{"line":85,"column":72},"end":{"line":85,"column":77}},{"start":{"line":85,"column":80},"end":{"line":85,"column":99}}]},"28":{"loc":{"start":{"line":87,"column":11},"end":{"line":87,"column":80}},"type":"cond-expr","locations":[{"start":{"line":87,"column":34},"end":{"line":87,"column":76}},{"start":{"line":87,"column":79},"end":{"line":87,"column":80}}]},"29":{"loc":{"start":{"line":87,"column":11},"end":{"line":87,"column":30}},"type":"binary-expr","locations":[{"start":{"line":87,"column":11},"end":{"line":87,"column":17}},{"start":{"line":87,"column":21},"end":{"line":87,"column":30}}]},"30":{"loc":{"start":{"line":91,"column":11},"end":{"line":91,"column":58}},"type":"cond-expr","locations":[{"start":{"line":91,"column":38},"end":{"line":91,"column":50}},{"start":{"line":91,"column":53},"end":{"line":91,"column":58}}]}},"s":{"0":0,"1":0,"2":0,"3":0,"4":0,"5":0,"6":0,"7":0,"8":0,"9":0,"10":0,"11":0,"12":0,"13":0,"14":0,"15":0,"16":0,"17":0,"18":0,"19":0,"20":0,"21":0,"22":0,"23":0,"24":0,"25":0,"26":0,"27":0,"28":0,"29":0,"30":0,"31":0,"32":0,"33":0,"34":0,"35":0,"36":0,"37":0,"38":0,"39":0,"40":0,"41":0,"42":0,"43":0,"44":0,"45":0,"46":0,"47":0},"f":{"0":0,"1":0,"2":0,"3":0,"4":0,"5":0,"6":0,"7":0,"8":0,"9":0,"10":0,"11":0,"12":0},"b":{"0":[0],"1":[0],"2":[0],"3":[0],"4":[0,0],"5":[0],"6":[0],"7":[0],"8":[0],"9":[0],"10":[0],"11":[0],"12":[0,0],"13":[0,0],"14":[0],"15":[0,0],"16":[0,0],"17":[0],"18":[0],"19":[0],"20":[0,0],"21":[0,0],"22":[0,0],"23":[0,0],"24":[0,0],"25":[0],"26":[0],"27":[0,0],"28":[0,0],"29":[0,0],"30":[0,0]}}
,"C:\\Projects\\node-mysql\\src\\QryBuilder.ts": {"path":"C:\\Projects\\node-mysql\\src\\QryBuilder.ts","statementMap":{"0":{"start":{"line":1,"column":0},"end":{"line":1,"column":40}},"1":{"start":{"line":15,"column":4},"end":{"line":15,"column":28}},"2":{"start":{"line":16,"column":4},"end":{"line":16,"column":21}},"3":{"start":{"line":17,"column":4},"end":{"line":17,"column":21}},"4":{"start":{"line":18,"column":4},"end":{"line":18,"column":21}},"5":{"start":{"line":19,"column":4},"end":{"line":19,"column":21}},"6":{"start":{"line":20,"column":4},"end":{"line":20,"column":21}},"7":{"start":{"line":21,"column":4},"end":{"line":21,"column":24}},"8":{"start":{"line":22,"column":4},"end":{"line":22,"column":20}},"9":{"start":{"line":25,"column":18},"end":{"line":27,"column":3}},"10":{"start":{"line":26,"column":4},"end":{"line":26,"column":77}},"11":{"start":{"line":30,"column":14},"end":{"line":30,"column":29}},"12":{"start":{"line":31,"column":4},"end":{"line":33,"column":null}},"13":{"start":{"line":32,"column":6},"end":{"line":32,"column":47}},"14":{"start":{"line":35,"column":4},"end":{"line":37,"column":null}},"15":{"start":{"line":36,"column":6},"end":{"line":36,"column":88}},"16":{"start":{"line":39,"column":4},"end":{"line":41,"column":null}},"17":{"start":{"line":40,"column":6},"end":{"line":40,"column":62}},"18":{"start":{"line":43,"column":4},"end":{"line":45,"column":null}},"19":{"start":{"line":44,"column":6},"end":{"line":44,"column":68}},"20":{"start":{"line":47,"column":4},"end":{"line":49,"column":null}},"21":{"start":{"line":48,"column":6},"end":{"line":48,"column":42}},"22":{"start":{"line":51,"column":4},"end":{"line":51,"column":26}},"23":{"start":{"line":53,"column":4},"end":{"line":55,"column":null}},"24":{"start":{"line":54,"column":6},"end":{"line":54,"column":43}},"25":{"start":{"line":57,"column":4},"end":{"line":57,"column":15}},"26":{"start":{"line":60,"column":9},"end":{"line":63,"column":3}},"27":{"start":{"line":61,"column":4},"end":{"line":61,"column":24}},"28":{"start":{"line":62,"column":4},"end":{"line":62,"column":16}},"29":{"start":{"line":65,"column":9},"end":{"line":68,"column":3}},"30":{"start":{"line":66,"column":4},"end":{"line":66,"column":31}},"31":{"start":{"line":67,"column":4},"end":{"line":67,"column":16}},"32":{"start":{"line":70,"column":10},"end":{"line":73,"column":3}},"33":{"start":{"line":71,"column":4},"end":{"line":71,"column":29}},"34":{"start":{"line":72,"column":4},"end":{"line":72,"column":16}},"35":{"start":{"line":75,"column":10},"end":{"line":78,"column":3}},"36":{"start":{"line":76,"column":4},"end":{"line":76,"column":24}},"37":{"start":{"line":77,"column":4},"end":{"line":77,"column":16}},"38":{"start":{"line":80,"column":14},"end":{"line":86,"column":3}},"39":{"start":{"line":81,"column":4},"end":{"line":83,"column":null}},"40":{"start":{"line":82,"column":6},"end":{"line":82,"column":82}},"41":{"start":{"line":84,"column":4},"end":{"line":84,"column":32}},"42":{"start":{"line":85,"column":4},"end":{"line":85,"column":16}},"43":{"start":{"line":88,"column":10},"end":{"line":91,"column":3}},"44":{"start":{"line":89,"column":4},"end":{"line":89,"column":24}},"45":{"start":{"line":90,"column":4},"end":{"line":90,"column":16}},"46":{"start":{"line":93,"column":13},"end":{"line":96,"column":3}},"47":{"start":{"line":94,"column":4},"end":{"line":94,"column":29}},"48":{"start":{"line":95,"column":4},"end":{"line":95,"column":16}},"49":{"start":{"line":4,"column":0},"end":{"line":4,"column":21}}},"fnMap":{"0":{"name":"(anonymous_0)","decl":{"start":{"line":14,"column":2},"end":{"line":14,"column":14}},"loc":{"start":{"line":14,"column":27},"end":{"line":23,"column":3}}},"1":{"name":"(anonymous_1)","decl":{"start":{"line":25,"column":18},"end":{"line":25,"column":19}},"loc":{"start":{"line":25,"column":41},"end":{"line":27,"column":3}}},"2":{"name":"(anonymous_2)","decl":{"start":{"line":29,"column":2},"end":{"line":29,"column":8}},"loc":{"start":{"line":29,"column":8},"end":{"line":58,"column":3}}},"3":{"name":"(anonymous_3)","decl":{"start":{"line":60,"column":9},"end":{"line":60,"column":10}},"loc":{"start":{"line":60,"column":27},"end":{"line":63,"column":3}}},"4":{"name":"(anonymous_4)","decl":{"start":{"line":65,"column":9},"end":{"line":65,"column":10}},"loc":{"start":{"line":65,"column":30},"end":{"line":68,"column":3}}},"5":{"name":"(anonymous_5)","decl":{"start":{"line":70,"column":10},"end":{"line":70,"column":11}},"loc":{"start":{"line":70,"column":33},"end":{"line":73,"column":3}}},"6":{"name":"(anonymous_6)","decl":{"start":{"line":75,"column":10},"end":{"line":75,"column":11}},"loc":{"start":{"line":75,"column":28},"end":{"line":78,"column":3}}},"7":{"name":"(anonymous_7)","decl":{"start":{"line":80,"column":14},"end":{"line":80,"column":15}},"loc":{"start":{"line":80,"column":36},"end":{"line":86,"column":3}}},"8":{"name":"(anonymous_8)","decl":{"start":{"line":88,"column":10},"end":{"line":88,"column":11}},"loc":{"start":{"line":88,"column":28},"end":{"line":91,"column":3}}},"9":{"name":"(anonymous_9)","decl":{"start":{"line":93,"column":13},"end":{"line":93,"column":14}},"loc":{"start":{"line":93,"column":47},"end":{"line":96,"column":3}}}},"branchMap":{"0":{"loc":{"start":{"line":26,"column":36},"end":{"line":26,"column":73}},"type":"cond-expr","locations":[{"start":{"line":26,"column":51},"end":{"line":26,"column":67}},{"start":{"line":26,"column":70},"end":{"line":26,"column":73}}]},"1":{"loc":{"start":{"line":31,"column":4},"end":{"line":33,"column":null}},"type":"if","locations":[{"start":{"line":31,"column":4},"end":{"line":33,"column":null}}]},"2":{"loc":{"start":{"line":36,"column":26},"end":{"line":36,"column":66}},"type":"cond-expr","locations":[{"start":{"line":36,"column":46},"end":{"line":36,"column":61}},{"start":{"line":36,"column":64},"end":{"line":36,"column":66}}]},"3":{"loc":{"start":{"line":39,"column":4},"end":{"line":41,"column":null}},"type":"if","locations":[{"start":{"line":39,"column":4},"end":{"line":41,"column":null}}]},"4":{"loc":{"start":{"line":43,"column":4},"end":{"line":45,"column":null}},"type":"if","locations":[{"start":{"line":43,"column":4},"end":{"line":45,"column":null}}]},"5":{"loc":{"start":{"line":47,"column":4},"end":{"line":49,"column":null}},"type":"if","locations":[{"start":{"line":47,"column":4},"end":{"line":49,"column":null}}]},"6":{"loc":{"start":{"line":81,"column":4},"end":{"line":83,"column":null}},"type":"if","locations":[{"start":{"line":81,"column":4},"end":{"line":83,"column":null}}]}},"s":{"0":1,"1":11,"2":11,"3":11,"4":11,"5":11,"6":11,"7":11,"8":11,"9":1,"10":11,"11":10,"12":10,"13":10,"14":10,"15":3,"16":10,"17":5,"18":10,"19":2,"20":10,"21":1,"22":10,"23":10,"24":5,"25":10,"26":11,"27":11,"28":11,"29":11,"30":3,"31":3,"32":11,"33":5,"34":5,"35":11,"36":2,"37":2,"38":11,"39":2,"40":1,"41":1,"42":1,"43":11,"44":1,"45":1,"46":11,"47":5,"48":5,"49":1},"f":{"0":11,"1":11,"2":10,"3":11,"4":3,"5":5,"6":2,"7":2,"8":1,"9":5},"b":{"0":[1,10],"1":[10],"2":[1,2],"3":[5],"4":[2],"5":[1],"6":[1]}}
,"C:\\Projects\\node-mysql\\src\\index.ts": {"path":"C:\\Projects\\node-mysql\\src\\index.ts","statementMap":{"0":{"start":{"line":1,"column":0},"end":{"line":1,"column":28}},"1":{"start":{"line":2,"column":0},"end":{"line":2,"column":7}},"2":{"start":{"line":5,"column":9},"end":{"line":2,"column":38}},"3":{"start":{"line":4,"column":0},"end":{"line":4,"column":24}},"4":{"start":{"line":6,"column":0},"end":{"line":6,"column":21}}},"fnMap":{},"branchMap":{},"s":{"0":0,"1":0,"2":0,"3":0,"4":0},"f":{},"b":{}}
}
