{"C:\\Projects\\node-mysql\\src\\MySQL.ts": {"path":"C:\\Projects\\node-mysql\\src\\MySQL.ts","statementMap":{"0":{"start":{"line":1,"column":0},"end":{"line":1,"column":96}},"1":{"start":{"line":3,"column":0},"end":{"line":3,"column":38}},"2":{"start":{"line":10,"column":4},"end":{"line":10,"column":36}},"3":{"start":{"line":11,"column":4},"end":{"line":11,"column":27}},"4":{"start":{"line":15,"column":4},"end":{"line":15,"column":17}},"5":{"start":{"line":19,"column":4},"end":{"line":19,"column":22}},"6":{"start":{"line":22,"column":4},"end":{"line":22,"column":30}},"7":{"start":{"line":25,"column":18},"end":{"line":27,"column":3}},"8":{"start":{"line":26,"column":4},"end":{"line":26,"column":44}},"9":{"start":{"line":29,"column":21},"end":{"line":33,"column":3}},"10":{"start":{"line":30,"column":39},"end":{"line":30,"column":65}},"11":{"start":{"line":31,"column":4},"end":{"line":31,"column":40}},"12":{"start":{"line":32,"column":4},"end":{"line":32,"column":22}},"13":{"start":{"line":35,"column":22},"end":{"line":39,"column":3}},"14":{"start":{"line":36,"column":4},"end":{"line":36,"column":28}},"15":{"start":{"line":36,"column":21},"end":{"line":36,"column":28}},"16":{"start":{"line":37,"column":4},"end":{"line":37,"column":24}},"17":{"start":{"line":38,"column":4},"end":{"line":38,"column":25}},"18":{"start":{"line":41,"column":24},"end":{"line":45,"column":3}},"19":{"start":{"line":42,"column":4},"end":{"line":42,"column":28}},"20":{"start":{"line":42,"column":21},"end":{"line":42,"column":28}},"21":{"start":{"line":43,"column":4},"end":{"line":43,"column":26}},"22":{"start":{"line":44,"column":4},"end":{"line":44,"column":25}},"23":{"start":{"line":47,"column":8},"end":{"line":56,"column":3}},"24":{"start":{"line":48,"column":4},"end":{"line":55,"column":null}},"25":{"start":{"line":49,"column":25},"end":{"line":49,"column":61}},"26":{"start":{"line":50,"column":21},"end":{"line":50,"column":55}},"27":{"start":{"line":51,"column":6},"end":{"line":51,"column":38}},"28":{"start":{"line":51,"column":17},"end":{"line":51,"column":38}},"29":{"start":{"line":52,"column":6},"end":{"line":52,"column":20}},"30":{"start":{"line":54,"column":6},"end":{"line":54,"column":89}},"31":{"start":{"line":58,"column":11},"end":{"line":72,"column":3}},"32":{"start":{"line":59,"column":16},"end":{"line":65,"column":15}},"33":{"start":{"line":67,"column":19},"end":{"line":67,"column":55}},"34":{"start":{"line":68,"column":4},"end":{"line":71,"column":6}},"35":{"start":{"line":74,"column":19},"end":{"line":79,"column":3}},"36":{"start":{"line":75,"column":16},"end":{"line":75,"column":43}},"37":{"start":{"line":76,"column":19},"end":{"line":76,"column":55}},"38":{"start":{"line":77,"column":4},"end":{"line":77,"column":91}},"39":{"start":{"line":78,"column":4},"end":{"line":78,"column":30}},"40":{"start":{"line":81,"column":19},"end":{"line":88,"column":3}},"41":{"start":{"line":83,"column":6},"end":{"line":84,"column":87}},"42":{"start":{"line":86,"column":19},"end":{"line":86,"column":55}},"43":{"start":{"line":87,"column":4},"end":{"line":87,"column":81}},"44":{"start":{"line":90,"column":19},"end":{"line":94,"column":3}},"45":{"start":{"line":91,"column":16},"end":{"line":91,"column":101}},"46":{"start":{"line":92,"column":19},"end":{"line":92,"column":55}},"47":{"start":{"line":93,"column":4},"end":{"line":93,"column":81}},"48":{"start":{"line":96,"column":16},"end":{"line":98,"column":3}},"49":{"start":{"line":97,"column":4},"end":{"line":97,"column":59}},"50":{"start":{"line":100,"column":10},"end":{"line":102,"column":3}},"51":{"start":{"line":101,"column":4},"end":{"line":101,"column":21}},"52":{"start":{"line":5,"column":0},"end":{"line":5,"column":21}}},"fnMap":{"0":{"name":"(anonymous_1)","decl":{"start":{"line":9,"column":2},"end":{"line":9,"column":14}},"loc":{"start":{"line":9,"column":33},"end":{"line":12,"column":3}}},"1":{"name":"(anonymous_2)","decl":{"start":{"line":14,"column":2},"end":{"line":14,"column":3}},"loc":{"start":{"line":14,"column":18},"end":{"line":16,"column":3}}},"2":{"name":"(anonymous_3)","decl":{"start":{"line":18,"column":2},"end":{"line":18,"column":6}},"loc":{"start":{"line":18,"column":10},"end":{"line":20,"column":3}}},"3":{"name":"(anonymous_4)","decl":{"start":{"line":21,"column":2},"end":{"line":21,"column":6}},"loc":{"start":{"line":21,"column":18},"end":{"line":23,"column":3}}},"4":{"name":"(anonymous_5)","decl":{"start":{"line":25,"column":18},"end":{"line":25,"column":23}},"loc":{"start":{"line":25,"column":29},"end":{"line":27,"column":3}}},"5":{"name":"(anonymous_6)","decl":{"start":{"line":29,"column":21},"end":{"line":29,"column":26}},"loc":{"start":{"line":29,"column":32},"end":{"line":33,"column":3}}},"6":{"name":"(anonymous_7)","decl":{"start":{"line":35,"column":22},"end":{"line":35,"column":27}},"loc":{"start":{"line":35,"column":59},"end":{"line":39,"column":3}}},"7":{"name":"(anonymous_8)","decl":{"start":{"line":41,"column":24},"end":{"line":41,"column":29}},"loc":{"start":{"line":41,"column":61},"end":{"line":45,"column":3}}},"8":{"name":"(anonymous_9)","decl":{"start":{"line":47,"column":8},"end":{"line":47,"column":13}},"loc":{"start":{"line":47,"column":61},"end":{"line":56,"column":3}}},"9":{"name":"(anonymous_10)","decl":{"start":{"line":58,"column":11},"end":{"line":58,"column":16}},"loc":{"start":{"line":58,"column":117},"end":{"line":72,"column":3}}},"10":{"name":"(anonymous_11)","decl":{"start":{"line":74,"column":19},"end":{"line":74,"column":24}},"loc":{"start":{"line":74,"column":58},"end":{"line":79,"column":3}}},"11":{"name":"(anonymous_12)","decl":{"start":{"line":81,"column":19},"end":{"line":81,"column":24}},"loc":{"start":{"line":81,"column":84},"end":{"line":88,"column":3}}},"12":{"name":"(anonymous_13)","decl":{"start":{"line":90,"column":19},"end":{"line":90,"column":24}},"loc":{"start":{"line":90,"column":70},"end":{"line":94,"column":3}}},"13":{"name":"(anonymous_14)","decl":{"start":{"line":96,"column":16},"end":{"line":96,"column":17}},"loc":{"start":{"line":96,"column":43},"end":{"line":98,"column":3}}},"14":{"name":"(anonymous_15)","decl":{"start":{"line":100,"column":10},"end":{"line":100,"column":13}},"loc":{"start":{"line":100,"column":15},"end":{"line":102,"column":3}}}},"branchMap":{"0":{"loc":{"start":{"line":36,"column":4},"end":{"line":36,"column":28}},"type":"if","locations":[{"start":{"line":36,"column":4},"end":{"line":36,"column":28}}]},"1":{"loc":{"start":{"line":42,"column":4},"end":{"line":42,"column":28}},"type":"if","locations":[{"start":{"line":42,"column":4},"end":{"line":42,"column":28}}]},"2":{"loc":{"start":{"line":47,"column":22},"end":{"line":47,"column":32}},"type":"default-arg","locations":[{"start":{"line":47,"column":30},"end":{"line":47,"column":32}}]},"3":{"loc":{"start":{"line":47,"column":34},"end":{"line":47,"column":45}},"type":"default-arg","locations":[{"start":{"line":47,"column":41},"end":{"line":47,"column":45}}]},"4":{"loc":{"start":{"line":49,"column":25},"end":{"line":49,"column":61}},"type":"binary-expr","locations":[{"start":{"line":49,"column":25},"end":{"line":49,"column":29}},{"start":{"line":49,"column":34},"end":{"line":49,"column":60}}]},"5":{"loc":{"start":{"line":51,"column":6},"end":{"line":51,"column":38}},"type":"if","locations":[{"start":{"line":51,"column":6},"end":{"line":51,"column":38}}]},"6":{"loc":{"start":{"line":58,"column":20},"end":{"line":58,"column":32}},"type":"default-arg","locations":[{"start":{"line":58,"column":29},"end":{"line":58,"column":32}}]},"7":{"loc":{"start":{"line":58,"column":40},"end":{"line":58,"column":49}},"type":"default-arg","locations":[{"start":{"line":58,"column":47},"end":{"line":58,"column":49}}]},"8":{"loc":{"start":{"line":58,"column":51},"end":{"line":58,"column":61}},"type":"default-arg","locations":[{"start":{"line":58,"column":59},"end":{"line":58,"column":61}}]},"9":{"loc":{"start":{"line":58,"column":63},"end":{"line":58,"column":73}},"type":"default-arg","locations":[{"start":{"line":58,"column":71},"end":{"line":58,"column":73}}]},"10":{"loc":{"start":{"line":58,"column":75},"end":{"line":58,"column":85}},"type":"default-arg","locations":[{"start":{"line":58,"column":83},"end":{"line":58,"column":85}}]},"11":{"loc":{"start":{"line":58,"column":87},"end":{"line":58,"column":98}},"type":"default-arg","locations":[{"start":{"line":58,"column":94},"end":{"line":58,"column":98}}]},"12":{"loc":{"start":{"line":61,"column":16},"end":{"line":61,"column":51}},"type":"cond-expr","locations":[{"start":{"line":61,"column":38},"end":{"line":61,"column":42}},{"start":{"line":61,"column":45},"end":{"line":61,"column":51}}]},"13":{"loc":{"start":{"line":62,"column":17},"end":{"line":62,"column":55}},"type":"cond-expr","locations":[{"start":{"line":62,"column":40},"end":{"line":62,"column":45}},{"start":{"line":62,"column":48},"end":{"line":62,"column":55}}]},"14":{"loc":{"start":{"line":74,"column":41},"end":{"line":74,"column":52}},"type":"default-arg","locations":[{"start":{"line":74,"column":48},"end":{"line":74,"column":52}}]},"15":{"loc":{"start":{"line":77,"column":25},"end":{"line":77,"column":90}},"type":"cond-expr","locations":[{"start":{"line":77,"column":48},"end":{"line":77,"column":86}},{"start":{"line":77,"column":89},"end":{"line":77,"column":90}}]},"16":{"loc":{"start":{"line":77,"column":25},"end":{"line":77,"column":44}},"type":"binary-expr","locations":[{"start":{"line":77,"column":25},"end":{"line":77,"column":31}},{"start":{"line":77,"column":35},"end":{"line":77,"column":44}}]},"17":{"loc":{"start":{"line":81,"column":41},"end":{"line":81,"column":53}},"type":"default-arg","locations":[{"start":{"line":81,"column":49},"end":{"line":81,"column":53}}]},"18":{"loc":{"start":{"line":81,"column":55},"end":{"line":81,"column":65}},"type":"default-arg","locations":[{"start":{"line":81,"column":63},"end":{"line":81,"column":65}}]},"19":{"loc":{"start":{"line":81,"column":67},"end":{"line":81,"column":78}},"type":"default-arg","locations":[{"start":{"line":81,"column":74},"end":{"line":81,"column":78}}]},"20":{"loc":{"start":{"line":83,"column":30},"end":{"line":83,"column":75}},"type":"cond-expr","locations":[{"start":{"line":83,"column":55},"end":{"line":83,"column":58}},{"start":{"line":83,"column":61},"end":{"line":83,"column":75}}]},"21":{"loc":{"start":{"line":84,"column":7},"end":{"line":84,"column":86}},"type":"cond-expr","locations":[{"start":{"line":84,"column":15},"end":{"line":84,"column":81}},{"start":{"line":84,"column":84},"end":{"line":84,"column":86}}]},"22":{"loc":{"start":{"line":84,"column":25},"end":{"line":84,"column":79}},"type":"cond-expr","locations":[{"start":{"line":84,"column":52},"end":{"line":84,"column":57}},{"start":{"line":84,"column":60},"end":{"line":84,"column":79}}]},"23":{"loc":{"start":{"line":87,"column":11},"end":{"line":87,"column":80}},"type":"cond-expr","locations":[{"start":{"line":87,"column":34},"end":{"line":87,"column":76}},{"start":{"line":87,"column":79},"end":{"line":87,"column":80}}]},"24":{"loc":{"start":{"line":87,"column":11},"end":{"line":87,"column":30}},"type":"binary-expr","locations":[{"start":{"line":87,"column":11},"end":{"line":87,"column":17}},{"start":{"line":87,"column":21},"end":{"line":87,"column":30}}]},"25":{"loc":{"start":{"line":90,"column":41},"end":{"line":90,"column":51}},"type":"default-arg","locations":[{"start":{"line":90,"column":49},"end":{"line":90,"column":51}}]},"26":{"loc":{"start":{"line":90,"column":53},"end":{"line":90,"column":64}},"type":"default-arg","locations":[{"start":{"line":90,"column":60},"end":{"line":90,"column":64}}]},"27":{"loc":{"start":{"line":91,"column":45},"end":{"line":91,"column":99}},"type":"cond-expr","locations":[{"start":{"line":91,"column":72},"end":{"line":91,"column":77}},{"start":{"line":91,"column":80},"end":{"line":91,"column":99}}]},"28":{"loc":{"start":{"line":93,"column":11},"end":{"line":93,"column":80}},"type":"cond-expr","locations":[{"start":{"line":93,"column":34},"end":{"line":93,"column":76}},{"start":{"line":93,"column":79},"end":{"line":93,"column":80}}]},"29":{"loc":{"start":{"line":93,"column":11},"end":{"line":93,"column":30}},"type":"binary-expr","locations":[{"start":{"line":93,"column":11},"end":{"line":93,"column":17}},{"start":{"line":93,"column":21},"end":{"line":93,"column":30}}]},"30":{"loc":{"start":{"line":97,"column":11},"end":{"line":97,"column":58}},"type":"cond-expr","locations":[{"start":{"line":97,"column":38},"end":{"line":97,"column":50}},{"start":{"line":97,"column":53},"end":{"line":97,"column":58}}]}},"s":{"0":0,"1":0,"2":0,"3":0,"4":0,"5":0,"6":0,"7":0,"8":0,"9":0,"10":0,"11":0,"12":0,"13":0,"14":0,"15":0,"16":0,"17":0,"18":0,"19":0,"20":0,"21":0,"22":0,"23":0,"24":0,"25":0,"26":0,"27":0,"28":0,"29":0,"30":0,"31":0,"32":0,"33":0,"34":0,"35":0,"36":0,"37":0,"38":0,"39":0,"40":0,"41":0,"42":0,"43":0,"44":0,"45":0,"46":0,"47":0,"48":0,"49":0,"50":0,"51":0,"52":0},"f":{"0":0,"1":0,"2":0,"3":0,"4":0,"5":0,"6":0,"7":0,"8":0,"9":0,"10":0,"11":0,"12":0,"13":0,"14":0},"b":{"0":[0],"1":[0],"2":[0],"3":[0],"4":[0,0],"5":[0],"6":[0],"7":[0],"8":[0],"9":[0],"10":[0],"11":[0],"12":[0,0],"13":[0,0],"14":[0],"15":[0,0],"16":[0,0],"17":[0],"18":[0],"19":[0],"20":[0,0],"21":[0,0],"22":[0,0],"23":[0,0],"24":[0,0],"25":[0],"26":[0],"27":[0,0],"28":[0,0],"29":[0,0],"30":[0,0]}}
,"C:\\Projects\\node-mysql\\src\\QryBuilder.ts": {"path":"C:\\Projects\\node-mysql\\src\\QryBuilder.ts","statementMap":{"0":{"start":{"line":1,"column":0},"end":{"line":1,"column":40}},"1":{"start":{"line":2,"column":0},"end":{"line":2,"column":42}},"2":{"start":{"line":17,"column":4},"end":{"line":17,"column":22}},"3":{"start":{"line":18,"column":4},"end":{"line":18,"column":21}},"4":{"start":{"line":19,"column":4},"end":{"line":19,"column":21}},"5":{"start":{"line":20,"column":4},"end":{"line":20,"column":21}},"6":{"start":{"line":21,"column":4},"end":{"line":21,"column":21}},"7":{"start":{"line":22,"column":4},"end":{"line":22,"column":26}},"8":{"start":{"line":23,"column":4},"end":{"line":23,"column":24}},"9":{"start":{"line":24,"column":4},"end":{"line":24,"column":20}},"10":{"start":{"line":25,"column":4},"end":{"line":25,"column":19}},"11":{"start":{"line":26,"column":4},"end":{"line":26,"column":21}},"12":{"start":{"line":29,"column":18},"end":{"line":33,"column":3}},"13":{"start":{"line":30,"column":23},"end":{"line":30,"column":55}},"14":{"start":{"line":31,"column":4},"end":{"line":31,"column":34}},"15":{"start":{"line":32,"column":4},"end":{"line":32,"column":22}},"16":{"start":{"line":35,"column":18},"end":{"line":39,"column":3}},"17":{"start":{"line":36,"column":23},"end":{"line":36,"column":55}},"18":{"start":{"line":37,"column":4},"end":{"line":37,"column":37}},"19":{"start":{"line":37,"column":15},"end":{"line":37,"column":37}},"20":{"start":{"line":38,"column":4},"end":{"line":38,"column":22}},"21":{"start":{"line":42,"column":4},"end":{"line":44,"column":null}},"22":{"start":{"line":43,"column":6},"end":{"line":43,"column":53}},"23":{"start":{"line":46,"column":14},"end":{"line":46,"column":16}},"24":{"start":{"line":47,"column":4},"end":{"line":77,"column":null}},"25":{"start":{"line":49,"column":8},"end":{"line":49,"column":108}},"26":{"start":{"line":51,"column":8},"end":{"line":53,"column":null}},"27":{"start":{"line":52,"column":10},"end":{"line":52,"column":92}},"28":{"start":{"line":55,"column":8},"end":{"line":57,"column":null}},"29":{"start":{"line":56,"column":10},"end":{"line":56,"column":66}},"30":{"start":{"line":59,"column":8},"end":{"line":61,"column":null}},"31":{"start":{"line":60,"column":10},"end":{"line":60,"column":72}},"32":{"start":{"line":63,"column":8},"end":{"line":65,"column":null}},"33":{"start":{"line":64,"column":10},"end":{"line":64,"column":46}},"34":{"start":{"line":66,"column":8},"end":{"line":66,"column":14}},"35":{"start":{"line":69,"column":8},"end":{"line":69,"column":55}},"36":{"start":{"line":71,"column":21},"end":{"line":71,"column":43}},"37":{"start":{"line":72,"column":8},"end":{"line":74,"column":null}},"38":{"start":{"line":73,"column":10},"end":{"line":73,"column":105}},"39":{"start":{"line":73,"column":53},"end":{"line":73,"column":89}},"40":{"start":{"line":75,"column":8},"end":{"line":75,"column":14}},"41":{"start":{"line":79,"column":4},"end":{"line":79,"column":26}},"42":{"start":{"line":81,"column":4},"end":{"line":83,"column":null}},"43":{"start":{"line":82,"column":6},"end":{"line":82,"column":54}},"44":{"start":{"line":85,"column":4},"end":{"line":85,"column":15}},"45":{"start":{"line":88,"column":9},"end":{"line":91,"column":3}},"46":{"start":{"line":89,"column":4},"end":{"line":89,"column":24}},"47":{"start":{"line":90,"column":4},"end":{"line":90,"column":16}},"48":{"start":{"line":93,"column":9},"end":{"line":96,"column":3}},"49":{"start":{"line":94,"column":4},"end":{"line":94,"column":24}},"50":{"start":{"line":95,"column":4},"end":{"line":95,"column":16}},"51":{"start":{"line":98,"column":8},"end":{"line":101,"column":3}},"52":{"start":{"line":99,"column":4},"end":{"line":99,"column":22}},"53":{"start":{"line":100,"column":4},"end":{"line":100,"column":16}},"54":{"start":{"line":103,"column":9},"end":{"line":106,"column":3}},"55":{"start":{"line":104,"column":4},"end":{"line":104,"column":31}},"56":{"start":{"line":105,"column":4},"end":{"line":105,"column":16}},"57":{"start":{"line":108,"column":10},"end":{"line":111,"column":3}},"58":{"start":{"line":109,"column":4},"end":{"line":109,"column":29}},"59":{"start":{"line":110,"column":4},"end":{"line":110,"column":16}},"60":{"start":{"line":113,"column":10},"end":{"line":116,"column":3}},"61":{"start":{"line":114,"column":4},"end":{"line":114,"column":24}},"62":{"start":{"line":115,"column":4},"end":{"line":115,"column":16}},"63":{"start":{"line":118,"column":14},"end":{"line":124,"column":3}},"64":{"start":{"line":119,"column":4},"end":{"line":121,"column":null}},"65":{"start":{"line":120,"column":6},"end":{"line":120,"column":82}},"66":{"start":{"line":122,"column":4},"end":{"line":122,"column":32}},"67":{"start":{"line":123,"column":4},"end":{"line":123,"column":16}},"68":{"start":{"line":126,"column":10},"end":{"line":129,"column":3}},"69":{"start":{"line":127,"column":4},"end":{"line":127,"column":24}},"70":{"start":{"line":128,"column":4},"end":{"line":128,"column":16}},"71":{"start":{"line":131,"column":13},"end":{"line":134,"column":3}},"72":{"start":{"line":132,"column":4},"end":{"line":132,"column":29}},"73":{"start":{"line":133,"column":4},"end":{"line":133,"column":16}},"74":{"start":{"line":136,"column":18},"end":{"line":139,"column":3}},"75":{"start":{"line":137,"column":4},"end":{"line":137,"column":34}},"76":{"start":{"line":138,"column":4},"end":{"line":138,"column":16}},"77":{"start":{"line":4,"column":0},"end":{"line":4,"column":21}}},"fnMap":{"0":{"name":"(anonymous_0)","decl":{"start":{"line":16,"column":2},"end":{"line":16,"column":14}},"loc":{"start":{"line":16,"column":29},"end":{"line":27,"column":3}}},"1":{"name":"(anonymous_1)","decl":{"start":{"line":29,"column":18},"end":{"line":29,"column":19}},"loc":{"start":{"line":29,"column":41},"end":{"line":33,"column":3}}},"2":{"name":"(anonymous_2)","decl":{"start":{"line":35,"column":18},"end":{"line":35,"column":19}},"loc":{"start":{"line":35,"column":62},"end":{"line":39,"column":3}}},"3":{"name":"(anonymous_3)","decl":{"start":{"line":41,"column":2},"end":{"line":41,"column":8}},"loc":{"start":{"line":41,"column":8},"end":{"line":86,"column":3}}},"4":{"name":"(anonymous_4)","decl":{"start":{"line":73,"column":44},"end":{"line":73,"column":45}},"loc":{"start":{"line":73,"column":53},"end":{"line":73,"column":89}}},"5":{"name":"(anonymous_5)","decl":{"start":{"line":88,"column":9},"end":{"line":88,"column":10}},"loc":{"start":{"line":88,"column":27},"end":{"line":91,"column":3}}},"6":{"name":"(anonymous_6)","decl":{"start":{"line":93,"column":9},"end":{"line":93,"column":10}},"loc":{"start":{"line":93,"column":27},"end":{"line":96,"column":3}}},"7":{"name":"(anonymous_7)","decl":{"start":{"line":98,"column":8},"end":{"line":98,"column":9}},"loc":{"start":{"line":98,"column":51},"end":{"line":101,"column":3}}},"8":{"name":"(anonymous_8)","decl":{"start":{"line":103,"column":9},"end":{"line":103,"column":10}},"loc":{"start":{"line":103,"column":30},"end":{"line":106,"column":3}}},"9":{"name":"(anonymous_9)","decl":{"start":{"line":108,"column":10},"end":{"line":108,"column":11}},"loc":{"start":{"line":108,"column":33},"end":{"line":111,"column":3}}},"10":{"name":"(anonymous_10)","decl":{"start":{"line":113,"column":10},"end":{"line":113,"column":11}},"loc":{"start":{"line":113,"column":28},"end":{"line":116,"column":3}}},"11":{"name":"(anonymous_11)","decl":{"start":{"line":118,"column":14},"end":{"line":118,"column":15}},"loc":{"start":{"line":118,"column":36},"end":{"line":124,"column":3}}},"12":{"name":"(anonymous_12)","decl":{"start":{"line":126,"column":10},"end":{"line":126,"column":11}},"loc":{"start":{"line":126,"column":28},"end":{"line":129,"column":3}}},"13":{"name":"(anonymous_13)","decl":{"start":{"line":131,"column":13},"end":{"line":131,"column":14}},"loc":{"start":{"line":131,"column":36},"end":{"line":134,"column":3}}},"14":{"name":"(anonymous_14)","decl":{"start":{"line":136,"column":18},"end":{"line":136,"column":19}},"loc":{"start":{"line":136,"column":52},"end":{"line":139,"column":3}}}},"branchMap":{"0":{"loc":{"start":{"line":37,"column":4},"end":{"line":37,"column":37}},"type":"if","locations":[{"start":{"line":37,"column":4},"end":{"line":37,"column":37}}]},"1":{"loc":{"start":{"line":42,"column":4},"end":{"line":44,"column":null}},"type":"if","locations":[{"start":{"line":42,"column":4},"end":{"line":44,"column":null}}]},"2":{"loc":{"start":{"line":47,"column":4},"end":{"line":77,"column":null}},"type":"switch","locations":[{"start":{"line":48,"column":6},"end":{"line":67,"column":null}},{"start":{"line":68,"column":6},"end":{"line":76,"column":null}}]},"3":{"loc":{"start":{"line":49,"column":35},"end":{"line":49,"column":84}},"type":"cond-expr","locations":[{"start":{"line":49,"column":56},"end":{"line":49,"column":78}},{"start":{"line":49,"column":81},"end":{"line":49,"column":84}}]},"4":{"loc":{"start":{"line":52,"column":30},"end":{"line":52,"column":70}},"type":"cond-expr","locations":[{"start":{"line":52,"column":50},"end":{"line":52,"column":65}},{"start":{"line":52,"column":68},"end":{"line":52,"column":70}}]},"5":{"loc":{"start":{"line":55,"column":8},"end":{"line":57,"column":null}},"type":"if","locations":[{"start":{"line":55,"column":8},"end":{"line":57,"column":null}}]},"6":{"loc":{"start":{"line":59,"column":8},"end":{"line":61,"column":null}},"type":"if","locations":[{"start":{"line":59,"column":8},"end":{"line":61,"column":null}}]},"7":{"loc":{"start":{"line":63,"column":8},"end":{"line":65,"column":null}},"type":"if","locations":[{"start":{"line":63,"column":8},"end":{"line":65,"column":null}}]},"8":{"loc":{"start":{"line":72,"column":8},"end":{"line":74,"column":null}},"type":"if","locations":[{"start":{"line":72,"column":8},"end":{"line":74,"column":null}}]},"9":{"loc":{"start":{"line":119,"column":4},"end":{"line":121,"column":null}},"type":"if","locations":[{"start":{"line":119,"column":4},"end":{"line":121,"column":null}}]},"10":{"loc":{"start":{"line":119,"column":8},"end":{"line":119,"column":39}},"type":"binary-expr","locations":[{"start":{"line":119,"column":8},"end":{"line":119,"column":23}},{"start":{"line":119,"column":27},"end":{"line":119,"column":39}}]}},"s":{"0":1,"1":1,"2":15,"3":15,"4":15,"5":15,"6":15,"7":15,"8":15,"9":15,"10":15,"11":15,"12":1,"13":12,"14":12,"15":12,"16":1,"17":3,"18":3,"19":1,"20":3,"21":14,"22":2,"23":12,"24":12,"25":10,"26":10,"27":3,"28":10,"29":5,"30":10,"31":2,"32":10,"33":1,"34":10,"35":2,"36":2,"37":2,"38":1,"39":2,"40":2,"41":12,"42":12,"43":5,"44":12,"45":15,"46":11,"47":11,"48":15,"49":2,"50":2,"51":15,"52":1,"53":1,"54":15,"55":3,"56":3,"57":15,"58":5,"59":5,"60":15,"61":2,"62":2,"63":15,"64":2,"65":1,"66":1,"67":1,"68":15,"69":1,"70":1,"71":15,"72":12,"73":12,"74":15,"75":5,"76":5,"77":1},"f":{"0":15,"1":12,"2":3,"3":14,"4":2,"5":11,"6":2,"7":1,"8":3,"9":5,"10":2,"11":2,"12":1,"13":12,"14":5},"b":{"0":[1],"1":[2],"2":[10,2],"3":[1,9],"4":[1,2],"5":[5],"6":[2],"7":[1],"8":[1],"9":[1],"10":[2,2]}}
,"C:\\Projects\\node-mysql\\src\\index.ts": {"path":"C:\\Projects\\node-mysql\\src\\index.ts","statementMap":{"0":{"start":{"line":1,"column":0},"end":{"line":1,"column":7}},"1":{"start":{"line":5,"column":21},"end":{"line":1,"column":28}},"2":{"start":{"line":2,"column":0},"end":{"line":2,"column":7}},"3":{"start":{"line":5,"column":9},"end":{"line":2,"column":38}},"4":{"start":{"line":4,"column":0},"end":{"line":4,"column":24}}},"fnMap":{},"branchMap":{},"s":{"0":0,"1":0,"2":0,"3":0,"4":0},"f":{},"b":{}}
,"C:\\Projects\\node-mysql\\src\\types.ts": {"path":"C:\\Projects\\node-mysql\\src\\types.ts","statementMap":{"0":{"start":{"line":66,"column":0},"end":{"line":66,"column":null}},"1":{"start":{"line":67,"column":2},"end":{"line":67,"column":null}},"2":{"start":{"line":68,"column":2},"end":{"line":68,"column":null}},"3":{"start":{"line":69,"column":2},"end":{"line":69,"column":null}},"4":{"start":{"line":70,"column":2},"end":{"line":70,"column":null}}},"fnMap":{"0":{"name":"(anonymous_0)","decl":{"start":{"line":66,"column":0},"end":{"line":66,"column":12}},"loc":{"start":{"line":66,"column":21},"end":{"line":71,"column":1}}}},"branchMap":{"0":{"loc":{"start":{"line":66,"column":12},"end":{"line":66,"column":null}},"type":"binary-expr","locations":[{"start":{"line":66,"column":12},"end":{"line":66,"column":21}},{"start":{"line":66,"column":12},"end":{"line":66,"column":null}}]}},"s":{"0":1,"1":1,"2":1,"3":1,"4":1},"f":{"0":1},"b":{"0":[1,1]}}
}
