TN:
SF:src\MySQL.ts
FN:9,(anonymous_1)
FN:14,(anonymous_2)
FN:18,(anonymous_3)
FN:21,(anonymous_4)
FN:25,(anonymous_5)
FN:29,(anonymous_6)
FN:35,(anonymous_7)
FN:41,(anonymous_8)
FN:47,(anonymous_9)
FN:58,(anonymous_10)
FN:74,(anonymous_11)
FN:81,(anonymous_12)
FN:90,(anonymous_13)
FN:96,(anonymous_14)
FN:100,(anonymous_15)
FNF:15
FNH:0
FNDA:0,(anonymous_1)
FNDA:0,(anonymous_2)
FNDA:0,(anonymous_3)
FNDA:0,(anonymous_4)
FNDA:0,(anonymous_5)
FNDA:0,(anonymous_6)
FNDA:0,(anonymous_7)
FNDA:0,(anonymous_8)
FNDA:0,(anonymous_9)
FNDA:0,(anonymous_10)
FNDA:0,(anonymous_11)
FNDA:0,(anonymous_12)
FNDA:0,(anonymous_13)
FNDA:0,(anonymous_14)
FNDA:0,(anonymous_15)
DA:1,0
DA:3,0
DA:5,0
DA:10,0
DA:11,0
DA:15,0
DA:19,0
DA:22,0
DA:25,0
DA:26,0
DA:29,0
DA:30,0
DA:31,0
DA:32,0
DA:35,0
DA:36,0
DA:37,0
DA:38,0
DA:41,0
DA:42,0
DA:43,0
DA:44,0
DA:47,0
DA:48,0
DA:49,0
DA:50,0
DA:51,0
DA:52,0
DA:54,0
DA:58,0
DA:59,0
DA:67,0
DA:68,0
DA:74,0
DA:75,0
DA:76,0
DA:77,0
DA:78,0
DA:81,0
DA:83,0
DA:86,0
DA:87,0
DA:90,0
DA:91,0
DA:92,0
DA:93,0
DA:96,0
DA:97,0
DA:100,0
DA:101,0
LF:50
LH:0
BRDA:36,0,0,0
BRDA:42,1,0,0
BRDA:47,2,0,0
BRDA:47,3,0,0
BRDA:49,4,0,0
BRDA:49,4,1,0
BRDA:51,5,0,0
BRDA:58,6,0,0
BRDA:58,7,0,0
BRDA:58,8,0,0
BRDA:58,9,0,0
BRDA:58,10,0,0
BRDA:58,11,0,0
BRDA:61,12,0,0
BRDA:61,12,1,0
BRDA:62,13,0,0
BRDA:62,13,1,0
BRDA:74,14,0,0
BRDA:77,15,0,0
BRDA:77,15,1,0
BRDA:77,16,0,0
BRDA:77,16,1,0
BRDA:81,17,0,0
BRDA:81,18,0,0
BRDA:81,19,0,0
BRDA:83,20,0,0
BRDA:83,20,1,0
BRDA:84,21,0,0
BRDA:84,21,1,0
BRDA:84,22,0,0
BRDA:84,22,1,0
BRDA:87,23,0,0
BRDA:87,23,1,0
BRDA:87,24,0,0
BRDA:87,24,1,0
BRDA:90,25,0,0
BRDA:90,26,0,0
BRDA:91,27,0,0
BRDA:91,27,1,0
BRDA:93,28,0,0
BRDA:93,28,1,0
BRDA:93,29,0,0
BRDA:93,29,1,0
BRDA:97,30,0,0
BRDA:97,30,1,0
BRF:45
BRH:0
end_of_record
TN:
SF:src\QryBuilder.ts
FN:16,(anonymous_0)
FN:29,(anonymous_1)
FN:35,(anonymous_2)
FN:41,(anonymous_3)
FN:73,(anonymous_4)
FN:88,(anonymous_5)
FN:93,(anonymous_6)
FN:98,(anonymous_7)
FN:103,(anonymous_8)
FN:108,(anonymous_9)
FN:113,(anonymous_10)
FN:118,(anonymous_11)
FN:126,(anonymous_12)
FN:131,(anonymous_13)
FN:136,(anonymous_14)
FNF:15
FNH:15
FNDA:15,(anonymous_0)
FNDA:12,(anonymous_1)
FNDA:3,(anonymous_2)
FNDA:14,(anonymous_3)
FNDA:2,(anonymous_4)
FNDA:11,(anonymous_5)
FNDA:2,(anonymous_6)
FNDA:1,(anonymous_7)
FNDA:3,(anonymous_8)
FNDA:5,(anonymous_9)
FNDA:2,(anonymous_10)
FNDA:2,(anonymous_11)
FNDA:1,(anonymous_12)
FNDA:12,(anonymous_13)
FNDA:5,(anonymous_14)
DA:1,1
DA:2,1
DA:4,1
DA:17,15
DA:18,15
DA:19,15
DA:20,15
DA:21,15
DA:22,15
DA:23,15
DA:24,15
DA:25,15
DA:26,15
DA:29,1
DA:30,12
DA:31,12
DA:32,12
DA:35,1
DA:36,3
DA:37,3
DA:38,3
DA:42,14
DA:43,2
DA:46,12
DA:47,12
DA:49,10
DA:51,10
DA:52,3
DA:55,10
DA:56,5
DA:59,10
DA:60,2
DA:63,10
DA:64,1
DA:66,10
DA:69,2
DA:71,2
DA:72,2
DA:73,2
DA:75,2
DA:79,12
DA:81,12
DA:82,5
DA:85,12
DA:88,15
DA:89,11
DA:90,11
DA:93,15
DA:94,2
DA:95,2
DA:98,15
DA:99,1
DA:100,1
DA:103,15
DA:104,3
DA:105,3
DA:108,15
DA:109,5
DA:110,5
DA:113,15
DA:114,2
DA:115,2
DA:118,15
DA:119,2
DA:120,1
DA:122,1
DA:123,1
DA:126,15
DA:127,1
DA:128,1
DA:131,15
DA:132,12
DA:133,12
DA:136,15
DA:137,5
DA:138,5
LF:76
LH:76
BRDA:37,0,0,1
BRDA:42,1,0,2
BRDA:47,2,0,10
BRDA:47,2,1,2
BRDA:49,3,0,1
BRDA:49,3,1,9
BRDA:52,4,0,1
BRDA:52,4,1,2
BRDA:55,5,0,5
BRDA:59,6,0,2
BRDA:63,7,0,1
BRDA:72,8,0,1
BRDA:119,9,0,1
BRDA:119,10,0,2
BRDA:119,10,1,2
BRF:15
BRH:15
end_of_record
TN:
SF:src\index.ts
FNF:0
FNH:0
DA:1,0
DA:2,0
DA:4,0
DA:5,0
LF:4
LH:0
BRF:0
BRH:0
end_of_record
TN:
SF:src\types.ts
FN:66,(anonymous_0)
FNF:1
FNH:1
FNDA:1,(anonymous_0)
DA:66,1
DA:67,1
DA:68,1
DA:69,1
DA:70,1
LF:5
LH:5
BRDA:66,0,0,1
BRDA:66,0,1,1
BRF:2
BRH:2
end_of_record
