TN:
SF:src\MySQL.ts
FN:8,(anonymous_1)
FN:12,(anonymous_2)
FN:16,(anonymous_3)
FN:20,(anonymous_4)
FN:24,(anonymous_5)
FN:30,(anonymous_6)
FN:36,(anonymous_7)
FN:42,(anonymous_8)
FN:53,(anonymous_9)
FN:69,(anonymous_10)
FN:75,(anonymous_11)
FN:84,(anonymous_12)
FN:90,(anonymous_13)
FNF:13
FNH:0
FNDA:0,(anonymous_1)
FNDA:0,(anonymous_2)
FNDA:0,(anonymous_3)
FNDA:0,(anonymous_4)
FNDA:0,(anonymous_5)
FNDA:0,(anonymous_6)
FNDA:0,(anonymous_7)
FNDA:0,(anonymous_8)
FNDA:0,(anonymous_9)
FNDA:0,(anonymous_10)
FNDA:0,(anonymous_11)
FNDA:0,(anonymous_12)
FNDA:0,(anonymous_13)
DA:1,0
DA:3,0
DA:5,0
DA:9,0
DA:13,0
DA:17,0
DA:20,0
DA:21,0
DA:24,0
DA:25,0
DA:26,0
DA:27,0
DA:30,0
DA:31,0
DA:32,0
DA:33,0
DA:36,0
DA:37,0
DA:38,0
DA:39,0
DA:42,0
DA:43,0
DA:44,0
DA:45,0
DA:46,0
DA:47,0
DA:49,0
DA:53,0
DA:54,0
DA:62,0
DA:63,0
DA:69,0
DA:70,0
DA:71,0
DA:72,0
DA:75,0
DA:77,0
DA:80,0
DA:81,0
DA:84,0
DA:85,0
DA:86,0
DA:87,0
DA:90,0
DA:91,0
LF:45
LH:0
BRDA:31,0,0,0
BRDA:37,1,0,0
BRDA:42,2,0,0
BRDA:42,3,0,0
BRDA:44,4,0,0
BRDA:44,4,1,0
BRDA:46,5,0,0
BRDA:53,6,0,0
BRDA:53,7,0,0
BRDA:53,8,0,0
BRDA:53,9,0,0
BRDA:53,10,0,0
BRDA:53,11,0,0
BRDA:56,12,0,0
BRDA:56,12,1,0
BRDA:57,13,0,0
BRDA:57,13,1,0
BRDA:69,14,0,0
BRDA:72,15,0,0
BRDA:72,15,1,0
BRDA:72,16,0,0
BRDA:72,16,1,0
BRDA:75,17,0,0
BRDA:75,18,0,0
BRDA:75,19,0,0
BRDA:77,20,0,0
BRDA:77,20,1,0
BRDA:78,21,0,0
BRDA:78,21,1,0
BRDA:78,22,0,0
BRDA:78,22,1,0
BRDA:81,23,0,0
BRDA:81,23,1,0
BRDA:81,24,0,0
BRDA:81,24,1,0
BRDA:84,25,0,0
BRDA:84,26,0,0
BRDA:85,27,0,0
BRDA:85,27,1,0
BRDA:87,28,0,0
BRDA:87,28,1,0
BRDA:87,29,0,0
BRDA:87,29,1,0
BRDA:91,30,0,0
BRDA:91,30,1,0
BRF:45
BRH:0
end_of_record
TN:
SF:src\QryBuilder.ts
FN:14,(anonymous_0)
FN:25,(anonymous_1)
FN:29,(anonymous_2)
FN:60,(anonymous_3)
FN:65,(anonymous_4)
FN:70,(anonymous_5)
FN:75,(anonymous_6)
FN:80,(anonymous_7)
FN:88,(anonymous_8)
FN:93,(anonymous_9)
FNF:10
FNH:10
FNDA:11,(anonymous_0)
FNDA:11,(anonymous_1)
FNDA:10,(anonymous_2)
FNDA:11,(anonymous_3)
FNDA:3,(anonymous_4)
FNDA:5,(anonymous_5)
FNDA:2,(anonymous_6)
FNDA:2,(anonymous_7)
FNDA:1,(anonymous_8)
FNDA:5,(anonymous_9)
DA:1,1
DA:4,1
DA:15,11
DA:16,11
DA:17,11
DA:18,11
DA:19,11
DA:20,11
DA:21,11
DA:22,11
DA:25,1
DA:26,11
DA:30,10
DA:31,10
DA:32,10
DA:35,10
DA:36,3
DA:39,10
DA:40,5
DA:43,10
DA:44,2
DA:47,10
DA:48,1
DA:51,10
DA:53,10
DA:54,5
DA:57,10
DA:60,11
DA:61,11
DA:62,11
DA:65,11
DA:66,3
DA:67,3
DA:70,11
DA:71,5
DA:72,5
DA:75,11
DA:76,2
DA:77,2
DA:80,11
DA:81,2
DA:82,1
DA:84,1
DA:85,1
DA:88,11
DA:89,1
DA:90,1
DA:93,11
DA:94,5
DA:95,5
LF:50
LH:50
BRDA:26,0,0,1
BRDA:26,0,1,10
BRDA:31,1,0,10
BRDA:36,2,0,1
BRDA:36,2,1,2
BRDA:39,3,0,5
BRDA:43,4,0,2
BRDA:47,5,0,1
BRDA:81,6,0,1
BRF:9
BRH:9
end_of_record
TN:
SF:src\index.ts
FNF:0
FNH:0
DA:1,0
DA:2,0
DA:4,0
DA:5,0
DA:6,0
LF:5
LH:0
BRF:0
BRH:0
end_of_record
